# JRE version: OpenJDK Runtime Environment (11.0.6+10) (build 11.0.6+10)
# Java VM: OpenJDK 64-Bit Server VM (11.0.6+10, mixed mode, tiered, compressed oops, g1 gc, windows-amd64)
Heap:
 garbage-first heap   total 20480K, used 9810K [0x00000000a1400000, 0x0000000100000000)
  region size 1024K, 5 young (5120K), 1 survivors (1024K)
 Metaspace       used 23754K, capacity 24311K, committed 24576K, reserved 1071104K
  class space    used 2501K, capacity 2742K, committed 2816K, reserved 1048576K
GC Heap History (8 events):
Event: 0.847 GC heap before
{Heap before GC invocations=0 (full 0):
 garbage-first heap   total 98304K, used 16384K [0x00000000a1400000, 0x0000000100000000)
  region size 1024K, 14 young (14336K), 0 survivors (0K)
 Metaspace       used 16016K, capacity 16475K, committed 16640K, reserved 1064960K
  class space    used 1716K, capacity 1957K, committed 2048K, reserved 1048576K
}
Event: 0.853 GC heap after
{Heap after GC invocations=1 (full 0):
 garbage-first heap   total 98304K, used 4724K [0x00000000a1400000, 0x0000000100000000)
  region size 1024K, 2 young (2048K), 2 survivors (2048K)
 Metaspace       used 16016K, capacity 16475K, committed 16640K, reserved 1064960K
  class space    used 1716K, capacity 1957K, committed 2048K, reserved 1048576K
}
Event: 3.444 GC heap before
{Heap before GC invocations=1 (full 0):
 garbage-first heap   total 98304K, used 7796K [0x00000000a1400000, 0x0000000100000000)
  region size 1024K, 6 young (6144K), 2 survivors (2048K)
 Metaspace       used 19228K, capacity 19720K, committed 19840K, reserved 1067008K
  class space    used 2161K, capacity 2396K, committed 2432K, reserved 1048576K
}
Event: 3.455 GC heap after
{Heap after GC invocations=2 (full 1):
 garbage-first heap   total 20480K, used 5115K [0x00000000a1400000, 0x0000000100000000)
  region size 1024K, 0 young (0K), 0 survivors (0K)
 Metaspace       used 19228K, capacity 19720K, committed 19840K, reserved 1067008K
  class space    used 2161K, capacity 2396K, committed 2432K, reserved 1048576K
}
Event: 3.455 GC heap before
{Heap before GC invocations=2 (full 1):
 garbage-first heap   total 20480K, used 5115K [0x00000000a1400000, 0x0000000100000000)
  region size 1024K, 0 young (0K), 0 survivors (0K)
 Metaspace       used 19228K, capacity 19720K, committed 19840K, reserved 1067008K
  class space    used 2161K, capacity 2396K, committed 2432K, reserved 1048576K
}
Event: 3.465 GC heap after
{Heap after GC invocations=3 (full 2):
 garbage-first heap   total 20480K, used 5115K [0x00000000a1400000, 0x0000000100000000)
  region size 1024K, 0 young (0K), 0 survivors (0K)
 Metaspace       used 19228K, capacity 19720K, committed 19840K, reserved 1067008K
  class space    used 2161K, capacity 2396K, committed 2432K, reserved 1048576K
}
Event: 3.942 GC heap before
{Heap before GC invocations=3 (full 2):
 garbage-first heap   total 20480K, used 10235K [0x00000000a1400000, 0x0000000100000000)
  region size 1024K, 6 young (6144K), 0 survivors (0K)
 Metaspace       used 22444K, capacity 23012K, committed 23424K, reserved 1071104K
  class space    used 2384K, capacity 2607K, committed 2688K, reserved 1048576K
}
Event: 3.945 GC heap after
{Heap after GC invocations=4 (full 2):
 garbage-first heap   total 20480K, used 6738K [0x00000000a1400000, 0x0000000100000000)
  region size 1024K, 1 young (1024K), 1 survivors (1024K)
 Metaspace       used 22444K, capacity 23012K, committed 23424K, reserved 1071104K
  class space    used 2384K, capacity 2607K, committed 2688K, reserved 1048576K
}

